{
"/Users/minkov/workspace/node/project-structure/data/data.js":{"path":"/Users/minkov/workspace/node/project-structure/data/data.js","s":{"1":1,"2":1,"3":1,"4":1},"b":{},"f":{},"fnMap":{},"statementMap":{"1":{"start":{"line":1,"column":0},"end":{"line":1,"column":42}},"2":{"start":{"line":3,"column":0},"end":{"line":7,"column":2}},"3":{"start":{"line":4,"column":4},"end":{"line":6,"column":7}},"4":{"start":{"line":9,"column":0},"end":{"line":9,"column":26}}},"branchMap":{},"l":{"1":1,"3":1,"4":1,"9":1}},
"/Users/minkov/workspace/node/project-structure/data/index.js":{"path":"/Users/minkov/workspace/node/project-structure/data/index.js","s":{"1":1},"b":{},"f":{},"fnMap":{},"statementMap":{"1":{"start":{"line":1,"column":0},"end":{"line":1,"column":35}}},"branchMap":{},"l":{"1":1}},
"/Users/minkov/workspace/node/project-structure/data/items.data.js":{"path":"/Users/minkov/workspace/node/project-structure/data/items.data.js","s":{"1":1,"2":1,"3":1,"4":0,"5":1},"b":{},"f":{"1":1,"2":0},"fnMap":{"1":{"name":"(anonymous_1)","line":5,"loc":{"start":{"line":5,"column":15},"end":{"line":5,"column":20}}},"2":{"name":"(anonymous_2)","line":9,"loc":{"start":{"line":9,"column":17},"end":{"line":9,"column":25}}}},"statementMap":{"1":{"start":{"line":1,"column":0},"end":{"line":1,"column":45}},"2":{"start":{"line":2,"column":0},"end":{"line":2,"column":45}},"3":{"start":{"line":6,"column":8},"end":{"line":6,"column":30}},"4":{"start":{"line":11,"column":8},"end":{"line":11,"column":42}},"5":{"start":{"line":15,"column":0},"end":{"line":15,"column":27}}},"branchMap":{},"l":{"1":1,"2":1,"6":1,"11":0,"15":1}},
"/Users/minkov/workspace/node/project-structure/data/users.data.js":{"path":"/Users/minkov/workspace/node/project-structure/data/users.data.js","s":{"1":0,"2":0,"3":0,"4":0,"5":0,"6":0,"7":0,"8":0,"9":0,"10":0},"b":{"1":[0,0],"2":[0,0]},"f":{"1":0,"2":0},"fnMap":{"1":{"name":"(anonymous_1)","line":5,"loc":{"start":{"line":5,"column":15},"end":{"line":5,"column":20}}},"2":{"name":"(anonymous_2)","line":9,"loc":{"start":{"line":9,"column":17},"end":{"line":9,"column":38}}}},"statementMap":{"1":{"start":{"line":1,"column":0},"end":{"line":1,"column":45}},"2":{"start":{"line":2,"column":0},"end":{"line":2,"column":45}},"3":{"start":{"line":6,"column":8},"end":{"line":6,"column":24}},"4":{"start":{"line":10,"column":8},"end":{"line":24,"column":15}},"5":{"start":{"line":15,"column":16},"end":{"line":17,"column":17}},"6":{"start":{"line":16,"column":20},"end":{"line":16,"column":52}},"7":{"start":{"line":19,"column":16},"end":{"line":21,"column":17}},"8":{"start":{"line":20,"column":20},"end":{"line":20,"column":56}},"9":{"start":{"line":23,"column":16},"end":{"line":23,"column":28}},"10":{"start":{"line":28,"column":0},"end":{"line":28,"column":27}}},"branchMap":{"1":{"line":15,"type":"if","locations":[{"start":{"line":15,"column":16},"end":{"line":15,"column":16}},{"start":{"line":15,"column":16},"end":{"line":15,"column":16}}]},"2":{"line":19,"type":"if","locations":[{"start":{"line":19,"column":16},"end":{"line":19,"column":16}},{"start":{"line":19,"column":16},"end":{"line":19,"column":16}}]}},"l":{"1":0,"2":0,"6":0,"10":0,"15":0,"16":0,"19":0,"20":0,"23":0,"28":0}},
"/Users/minkov/workspace/node/project-structure/data/base/base.data.js":{"path":"/Users/minkov/workspace/node/project-structure/data/base/base.data.js","s":{"1":3,"2":3,"3":3,"4":3,"5":3,"6":3,"7":3,"8":3,"9":3,"10":2,"11":2,"12":4,"13":3,"14":0,"15":0,"16":0,"17":0,"18":0,"19":3,"20":1},"b":{"1":[2,1],"2":[0,0]},"f":{"1":3,"2":3,"3":0,"4":0,"5":3},"fnMap":{"1":{"name":"(anonymous_1)","line":2,"loc":{"start":{"line":2,"column":15},"end":{"line":2,"column":43}}},"2":{"name":"(anonymous_2)","line":10,"loc":{"start":{"line":10,"column":10},"end":{"line":10,"column":13}}},"3":{"name":"(anonymous_3)","line":28,"loc":{"start":{"line":28,"column":10},"end":{"line":28,"column":18}}},"4":{"name":"(anonymous_4)","line":39,"loc":{"start":{"line":39,"column":17},"end":{"line":39,"column":25}}},"5":{"name":"(anonymous_5)","line":43,"loc":{"start":{"line":43,"column":22},"end":{"line":43,"column":25}}}},"statementMap":{"1":{"start":{"line":3,"column":8},"end":{"line":3,"column":21}},"2":{"start":{"line":4,"column":8},"end":{"line":4,"column":37}},"3":{"start":{"line":5,"column":8},"end":{"line":5,"column":35}},"4":{"start":{"line":6,"column":8},"end":{"line":6,"column":56}},"5":{"start":{"line":7,"column":8},"end":{"line":7,"column":66}},"6":{"start":{"line":11,"column":8},"end":{"line":11,"column":26}},"7":{"start":{"line":12,"column":8},"end":{"line":12,"column":27}},"8":{"start":{"line":13,"column":8},"end":{"line":15,"column":23}},"9":{"start":{"line":17,"column":8},"end":{"line":23,"column":9}},"10":{"start":{"line":18,"column":12},"end":{"line":22,"column":15}},"11":{"start":{"line":19,"column":16},"end":{"line":21,"column":60}},"12":{"start":{"line":21,"column":24},"end":{"line":21,"column":58}},"13":{"start":{"line":25,"column":8},"end":{"line":25,"column":22}},"14":{"start":{"line":29,"column":8},"end":{"line":31,"column":9}},"15":{"start":{"line":30,"column":12},"end":{"line":30,"column":51}},"16":{"start":{"line":33,"column":8},"end":{"line":36,"column":15}},"17":{"start":{"line":35,"column":16},"end":{"line":35,"column":58}},"18":{"start":{"line":40,"column":8},"end":{"line":40,"column":45}},"19":{"start":{"line":44,"column":8},"end":{"line":44,"column":56}},"20":{"start":{"line":48,"column":0},"end":{"line":48,"column":26}}},"branchMap":{"1":{"line":17,"type":"if","locations":[{"start":{"line":17,"column":8},"end":{"line":17,"column":8}},{"start":{"line":17,"column":8},"end":{"line":17,"column":8}}]},"2":{"line":29,"type":"if","locations":[{"start":{"line":29,"column":8},"end":{"line":29,"column":8}},{"start":{"line":29,"column":8},"end":{"line":29,"column":8}}]}},"l":{"3":3,"4":3,"5":3,"6":3,"7":3,"11":3,"12":3,"13":3,"17":3,"18":2,"19":2,"21":4,"25":3,"29":0,"30":0,"33":0,"35":0,"40":0,"44":3,"48":1}},
"/Users/minkov/workspace/node/project-structure/app/routers/items.router/controller.js":{"path":"/Users/minkov/workspace/node/project-structure/app/routers/items.router/controller.js","s":{"1":1,"2":2,"3":2,"4":2,"5":2,"6":2,"7":1},"b":{},"f":{"1":2},"fnMap":{"1":{"name":"(anonymous_1)","line":3,"loc":{"start":{"line":3,"column":14},"end":{"line":3,"column":25}}}},"statementMap":{"1":{"start":{"line":1,"column":0},"end":{"line":15,"column":2}},"2":{"start":{"line":2,"column":4},"end":{"line":12,"column":6}},"3":{"start":{"line":4,"column":12},"end":{"line":10,"column":19}},"4":{"start":{"line":6,"column":20},"end":{"line":6,"column":39}},"5":{"start":{"line":7,"column":20},"end":{"line":9,"column":23}},"6":{"start":{"line":14,"column":4},"end":{"line":14,"column":22}},"7":{"start":{"line":18,"column":0},"end":{"line":18,"column":26}}},"branchMap":{},"l":{"1":1,"2":2,"4":2,"6":2,"7":2,"14":2,"18":1}},
"/Users/minkov/workspace/node/project-structure/app/routers/items.router/index.js":{"path":"/Users/minkov/workspace/node/project-structure/app/routers/items.router/index.js","s":{"1":1},"b":{},"f":{},"fnMap":{},"statementMap":{"1":{"start":{"line":1,"column":0},"end":{"line":1,"column":37}}},"branchMap":{},"l":{"1":1}},
"/Users/minkov/workspace/node/project-structure/app/routers/items.router/router.js":{"path":"/Users/minkov/workspace/node/project-structure/app/routers/items.router/router.js","s":{"1":1,"2":1,"3":1,"4":1,"5":1,"6":0,"7":1,"8":0,"9":0,"10":0,"11":0,"12":0,"13":1},"b":{},"f":{},"fnMap":{},"statementMap":{"1":{"start":{"line":1,"column":0},"end":{"line":27,"column":2}},"2":{"start":{"line":2,"column":4},"end":{"line":2,"column":58}},"3":{"start":{"line":4,"column":4},"end":{"line":7,"column":7}},"4":{"start":{"line":6,"column":8},"end":{"line":6,"column":43}},"5":{"start":{"line":9,"column":4},"end":{"line":11,"column":7}},"6":{"start":{"line":10,"column":8},"end":{"line":10,"column":40}},"7":{"start":{"line":13,"column":4},"end":{"line":26,"column":7}},"8":{"start":{"line":14,"column":8},"end":{"line":14,"column":30}},"9":{"start":{"line":17,"column":8},"end":{"line":25,"column":15}},"10":{"start":{"line":19,"column":16},"end":{"line":19,"column":59}},"11":{"start":{"line":23,"column":16},"end":{"line":23,"column":40}},"12":{"start":{"line":24,"column":16},"end":{"line":24,"column":51}},"13":{"start":{"line":29,"column":0},"end":{"line":29,"column":30}}},"branchMap":{},"l":{"1":1,"2":1,"4":1,"6":1,"9":1,"10":0,"13":1,"14":0,"17":0,"19":0,"23":0,"24":0,"29":1}},
"/Users/minkov/workspace/node/project-structure/app/app.js":{"path":"/Users/minkov/workspace/node/project-structure/app/app.js","s":{"1":1,"2":1,"3":1,"4":1,"5":1,"6":1,"7":1,"8":1,"9":1,"10":1,"11":1,"12":1,"13":1,"14":1,"15":1,"16":1,"17":1,"18":1,"19":1,"20":1},"b":{},"f":{},"fnMap":{},"statementMap":{"1":{"start":{"line":3,"column":0},"end":{"line":3,"column":29}},"2":{"start":{"line":5,"column":0},"end":{"line":5,"column":35}},"3":{"start":{"line":6,"column":0},"end":{"line":6,"column":42}},"4":{"start":{"line":7,"column":0},"end":{"line":7,"column":46}},"5":{"start":{"line":8,"column":0},"end":{"line":8,"column":43}},"6":{"start":{"line":10,"column":0},"end":{"line":34,"column":2}},"7":{"start":{"line":11,"column":4},"end":{"line":11,"column":26}},"8":{"start":{"line":14,"column":4},"end":{"line":14,"column":34}},"9":{"start":{"line":15,"column":4},"end":{"line":15,"column":31}},"10":{"start":{"line":16,"column":4},"end":{"line":16,"column":55}},"11":{"start":{"line":18,"column":4},"end":{"line":18,"column":79}},"12":{"start":{"line":20,"column":4},"end":{"line":20,"column":42}},"13":{"start":{"line":21,"column":4},"end":{"line":21,"column":52}},"14":{"start":{"line":23,"column":4},"end":{"line":23,"column":40}},"15":{"start":{"line":24,"column":4},"end":{"line":27,"column":7}},"16":{"start":{"line":25,"column":8},"end":{"line":25,"column":68}},"17":{"start":{"line":26,"column":8},"end":{"line":26,"column":15}},"18":{"start":{"line":30,"column":4},"end":{"line":31,"column":29}},"19":{"start":{"line":33,"column":4},"end":{"line":33,"column":32}},"20":{"start":{"line":36,"column":0},"end":{"line":38,"column":2}}},"branchMap":{},"l":{"3":1,"5":1,"6":1,"7":1,"8":1,"10":1,"11":1,"14":1,"15":1,"16":1,"18":1,"20":1,"21":1,"23":1,"24":1,"25":1,"26":1,"30":1,"33":1,"36":1}},
"/Users/minkov/workspace/node/project-structure/app/index.js":{"path":"/Users/minkov/workspace/node/project-structure/app/index.js","s":{"1":1},"b":{},"f":{},"fnMap":{},"statementMap":{"1":{"start":{"line":1,"column":0},"end":{"line":1,"column":34}}},"branchMap":{},"l":{"1":1}},
"/Users/minkov/workspace/node/project-structure/app/routers/index.js":{"path":"/Users/minkov/workspace/node/project-structure/app/routers/index.js","s":{"1":1},"b":{},"f":{},"fnMap":{},"statementMap":{"1":{"start":{"line":1,"column":0},"end":{"line":1,"column":38}}},"branchMap":{},"l":{"1":1}},
"/Users/minkov/workspace/node/project-structure/app/routers/routers.js":{"path":"/Users/minkov/workspace/node/project-structure/app/routers/routers.js","s":{"1":1,"2":1,"3":1,"4":1,"5":0,"6":1,"7":3,"8":1,"9":1,"10":1},"b":{},"f":{},"fnMap":{},"statementMap":{"1":{"start":{"line":3,"column":0},"end":{"line":3,"column":25}},"2":{"start":{"line":4,"column":0},"end":{"line":4,"column":29}},"3":{"start":{"line":6,"column":0},"end":{"line":17,"column":2}},"4":{"start":{"line":7,"column":4},"end":{"line":9,"column":7}},"5":{"start":{"line":8,"column":8},"end":{"line":8,"column":34}},"6":{"start":{"line":11,"column":4},"end":{"line":16,"column":11}},"7":{"start":{"line":12,"column":26},"end":{"line":12,"column":50}},"8":{"start":{"line":14,"column":12},"end":{"line":14,"column":58}},"9":{"start":{"line":15,"column":12},"end":{"line":15,"column":52}},"10":{"start":{"line":19,"column":0},"end":{"line":19,"column":30}}},"branchMap":{},"l":{"3":1,"4":1,"6":1,"7":1,"8":0,"11":1,"12":3,"14":1,"15":1,"19":1}},
"/Users/minkov/workspace/node/project-structure/config/config.js":{"path":"/Users/minkov/workspace/node/project-structure/config/config.js","s":{"1":0,"2":0,"3":0},"b":{},"f":{},"fnMap":{},"statementMap":{"1":{"start":{"line":1,"column":0},"end":{"line":1,"column":18}},"2":{"start":{"line":2,"column":0},"end":{"line":2,"column":56}},"3":{"start":{"line":4,"column":0},"end":{"line":4,"column":44}}},"branchMap":{},"l":{"1":0,"2":0,"4":0}},
"/Users/minkov/workspace/node/project-structure/config/index.js":{"path":"/Users/minkov/workspace/node/project-structure/config/index.js","s":{"1":0},"b":{},"f":{},"fnMap":{},"statementMap":{"1":{"start":{"line":1,"column":0},"end":{"line":1,"column":37}}},"branchMap":{},"l":{"1":0}},
"/Users/minkov/workspace/node/project-structure/db/db.js":{"path":"/Users/minkov/workspace/node/project-structure/db/db.js","s":{"1":1,"2":1,"3":1,"4":1},"b":{},"f":{},"fnMap":{},"statementMap":{"1":{"start":{"line":1,"column":0},"end":{"line":1,"column":43}},"2":{"start":{"line":3,"column":0},"end":{"line":5,"column":2}},"3":{"start":{"line":4,"column":4},"end":{"line":4,"column":49}},"4":{"start":{"line":7,"column":0},"end":{"line":7,"column":26}}},"branchMap":{},"l":{"1":1,"3":1,"4":1,"7":1}},
"/Users/minkov/workspace/node/project-structure/db/index.js":{"path":"/Users/minkov/workspace/node/project-structure/db/index.js","s":{"1":1},"b":{},"f":{},"fnMap":{},"statementMap":{"1":{"start":{"line":1,"column":0},"end":{"line":1,"column":33}}},"branchMap":{},"l":{"1":1}},
"/Users/minkov/workspace/node/project-structure/models/item.model.js":{"path":"/Users/minkov/workspace/node/project-structure/models/item.model.js","s":{"1":0,"2":0,"3":0,"4":0,"5":0,"6":0,"7":1},"b":{"1":[0,0,0]},"f":{"1":0,"2":0,"3":0},"fnMap":{"1":{"name":"(anonymous_1)","line":2,"loc":{"start":{"line":2,"column":18},"end":{"line":2,"column":26}}},"2":{"name":"(anonymous_2)","line":8,"loc":{"start":{"line":8,"column":10},"end":{"line":8,"column":13}}},"3":{"name":"(anonymous_3)","line":12,"loc":{"start":{"line":12,"column":22},"end":{"line":12,"column":30}}}},"statementMap":{"1":{"start":{"line":3,"column":8},"end":{"line":5,"column":34}},"2":{"start":{"line":9,"column":8},"end":{"line":9,"column":24}},"3":{"start":{"line":13,"column":8},"end":{"line":13,"column":37}},"4":{"start":{"line":15,"column":8},"end":{"line":18,"column":15}},"5":{"start":{"line":17,"column":16},"end":{"line":17,"column":46}},"6":{"start":{"line":20,"column":8},"end":{"line":20,"column":25}},"7":{"start":{"line":24,"column":0},"end":{"line":24,"column":22}}},"branchMap":{"1":{"line":3,"type":"binary-expr","locations":[{"start":{"line":3,"column":15},"end":{"line":3,"column":43}},{"start":{"line":4,"column":12},"end":{"line":4,"column":42}},{"start":{"line":5,"column":12},"end":{"line":5,"column":33}}]}},"l":{"3":0,"9":0,"13":0,"15":0,"17":0,"20":0,"24":1}},
"/Users/minkov/workspace/node/project-structure/models/user.model.js":{"path":"/Users/minkov/workspace/node/project-structure/models/user.model.js","s":{},"b":{},"f":{},"fnMap":{},"statementMap":{},"branchMap":{},"l":{}},
"/Users/minkov/workspace/node/project-structure/server.js":{"path":"/Users/minkov/workspace/node/project-structure/server.js","s":{"1":0,"2":0,"3":0,"4":0,"5":0,"6":0,"7":0,"8":0,"9":0},"b":{},"f":{},"fnMap":{},"statementMap":{"1":{"start":{"line":3,"column":0},"end":{"line":5,"column":2}},"2":{"start":{"line":4,"column":4},"end":{"line":4,"column":29}},"3":{"start":{"line":7,"column":0},"end":{"line":7,"column":35}},"4":{"start":{"line":9,"column":0},"end":{"line":15,"column":7}},"5":{"start":{"line":10,"column":16},"end":{"line":10,"column":61}},"6":{"start":{"line":11,"column":18},"end":{"line":11,"column":44}},"7":{"start":{"line":12,"column":20},"end":{"line":12,"column":47}},"8":{"start":{"line":14,"column":8},"end":{"line":14,"column":88}},"9":{"start":{"line":14,"column":38},"end":{"line":14,"column":86}}},"branchMap":{},"l":{"3":0,"4":0,"7":0,"9":0,"10":0,"11":0,"12":0,"14":0}}}
