{
"/home/doncho/repos/nodejs/Live-demos/project-structure/data/categories.data.js":{"path":"/home/doncho/repos/nodejs/Live-demos/project-structure/data/categories.data.js","s":{"1":1,"2":1,"3":0,"4":1,"5":1},"b":{},"f":{"1":0,"2":1},"fnMap":{"1":{"name":"(anonymous_1)","line":4,"loc":{"start":{"line":4,"column":11},"end":{"line":4,"column":14}}},"2":{"name":"(anonymous_2)","line":10,"loc":{"start":{"line":10,"column":15},"end":{"line":10,"column":20}}}},"statementMap":{"1":{"start":{"line":1,"column":0},"end":{"line":1,"column":45}},"2":{"start":{"line":3,"column":0},"end":{"line":7,"column":2}},"3":{"start":{"line":5,"column":8},"end":{"line":5,"column":20}},"4":{"start":{"line":11,"column":8},"end":{"line":11,"column":51}},"5":{"start":{"line":15,"column":0},"end":{"line":15,"column":32}}},"branchMap":{},"l":{"1":1,"3":1,"5":0,"11":1,"15":1}},
"/home/doncho/repos/nodejs/Live-demos/project-structure/data/data.js":{"path":"/home/doncho/repos/nodejs/Live-demos/project-structure/data/data.js","s":{"1":1,"2":1,"3":1,"4":1,"5":1,"6":1,"7":1},"b":{},"f":{},"fnMap":{},"statementMap":{"1":{"start":{"line":1,"column":0},"end":{"line":1,"column":42}},"2":{"start":{"line":2,"column":0},"end":{"line":2,"column":52}},"3":{"start":{"line":3,"column":0},"end":{"line":3,"column":42}},"4":{"start":{"line":4,"column":0},"end":{"line":4,"column":42}},"5":{"start":{"line":6,"column":0},"end":{"line":13,"column":2}},"6":{"start":{"line":7,"column":4},"end":{"line":12,"column":7}},"7":{"start":{"line":15,"column":0},"end":{"line":15,"column":26}}},"branchMap":{},"l":{"1":1,"2":1,"3":1,"4":1,"6":1,"7":1,"15":1}},
"/home/doncho/repos/nodejs/Live-demos/project-structure/data/index.js":{"path":"/home/doncho/repos/nodejs/Live-demos/project-structure/data/index.js","s":{"1":1},"b":{},"f":{},"fnMap":{},"statementMap":{"1":{"start":{"line":1,"column":0},"end":{"line":1,"column":35}}},"branchMap":{},"l":{"1":1}},
"/home/doncho/repos/nodejs/Live-demos/project-structure/data/items.data.js":{"path":"/home/doncho/repos/nodejs/Live-demos/project-structure/data/items.data.js","s":{"1":1,"2":1,"3":1,"4":0,"5":1},"b":{},"f":{"1":1,"2":0},"fnMap":{"1":{"name":"(anonymous_1)","line":5,"loc":{"start":{"line":5,"column":15},"end":{"line":5,"column":20}}},"2":{"name":"(anonymous_2)","line":9,"loc":{"start":{"line":9,"column":17},"end":{"line":9,"column":25}}}},"statementMap":{"1":{"start":{"line":1,"column":0},"end":{"line":1,"column":45}},"2":{"start":{"line":2,"column":0},"end":{"line":2,"column":45}},"3":{"start":{"line":6,"column":8},"end":{"line":6,"column":30}},"4":{"start":{"line":11,"column":8},"end":{"line":11,"column":42}},"5":{"start":{"line":15,"column":0},"end":{"line":15,"column":27}}},"branchMap":{},"l":{"1":1,"2":1,"6":1,"11":0,"15":1}},
"/home/doncho/repos/nodejs/Live-demos/project-structure/data/todos.data.js":{"path":"/home/doncho/repos/nodejs/Live-demos/project-structure/data/todos.data.js","s":{"1":1,"2":1,"3":1,"4":0,"5":1},"b":{},"f":{"1":1,"2":0},"fnMap":{"1":{"name":"(anonymous_1)","line":6,"loc":{"start":{"line":6,"column":15},"end":{"line":6,"column":20}}},"2":{"name":"(anonymous_2)","line":10,"loc":{"start":{"line":10,"column":18},"end":{"line":10,"column":27}}}},"statementMap":{"1":{"start":{"line":1,"column":0},"end":{"line":1,"column":45}},"2":{"start":{"line":3,"column":0},"end":{"line":3,"column":45}},"3":{"start":{"line":7,"column":8},"end":{"line":7,"column":30}},"4":{"start":{"line":11,"column":8},"end":{"line":11,"column":41}},"5":{"start":{"line":22,"column":0},"end":{"line":22,"column":27}}},"branchMap":{},"l":{"1":1,"3":1,"7":1,"11":0,"22":1}},
"/home/doncho/repos/nodejs/Live-demos/project-structure/data/users.data.js":{"path":"/home/doncho/repos/nodejs/Live-demos/project-structure/data/users.data.js","s":{"1":1,"2":1,"3":1,"4":0,"5":0,"6":0,"7":0,"8":0,"9":0,"10":0,"11":0,"12":1},"b":{"1":[0,0],"2":[0,0]},"f":{"1":1,"2":0,"3":0},"fnMap":{"1":{"name":"(anonymous_1)","line":5,"loc":{"start":{"line":5,"column":15},"end":{"line":5,"column":20}}},"2":{"name":"(anonymous_2)","line":9,"loc":{"start":{"line":9,"column":18},"end":{"line":9,"column":29}}},"3":{"name":"(anonymous_3)","line":15,"loc":{"start":{"line":15,"column":17},"end":{"line":15,"column":38}}}},"statementMap":{"1":{"start":{"line":1,"column":0},"end":{"line":1,"column":45}},"2":{"start":{"line":2,"column":0},"end":{"line":2,"column":45}},"3":{"start":{"line":6,"column":8},"end":{"line":6,"column":30}},"4":{"start":{"line":10,"column":8},"end":{"line":12,"column":36}},"5":{"start":{"line":12,"column":30},"end":{"line":12,"column":34}},"6":{"start":{"line":16,"column":8},"end":{"line":27,"column":15}},"7":{"start":{"line":18,"column":16},"end":{"line":20,"column":17}},"8":{"start":{"line":19,"column":20},"end":{"line":19,"column":52}},"9":{"start":{"line":22,"column":16},"end":{"line":24,"column":17}},"10":{"start":{"line":23,"column":20},"end":{"line":23,"column":56}},"11":{"start":{"line":26,"column":16},"end":{"line":26,"column":28}},"12":{"start":{"line":31,"column":0},"end":{"line":31,"column":27}}},"branchMap":{"1":{"line":18,"type":"if","locations":[{"start":{"line":18,"column":16},"end":{"line":18,"column":16}},{"start":{"line":18,"column":16},"end":{"line":18,"column":16}}]},"2":{"line":22,"type":"if","locations":[{"start":{"line":22,"column":16},"end":{"line":22,"column":16}},{"start":{"line":22,"column":16},"end":{"line":22,"column":16}}]}},"l":{"1":1,"2":1,"6":1,"10":0,"12":0,"16":0,"18":0,"19":0,"22":0,"23":0,"26":0,"31":1}},
"/home/doncho/repos/nodejs/Live-demos/project-structure/data/base/base.data.js":{"path":"/home/doncho/repos/nodejs/Live-demos/project-structure/data/base/base.data.js","s":{"1":1,"2":6,"3":6,"4":6,"5":6,"6":6,"7":0,"8":3,"9":3,"10":2,"11":4,"12":1,"13":0,"14":0,"15":0,"16":0,"17":0,"18":0,"19":0,"20":0,"21":0,"22":0,"23":0,"24":0,"25":0,"26":0,"27":0,"28":6,"29":1},"b":{"1":[2,1],"2":[0,0],"3":[0,0],"4":[0,0],"5":[0,0]},"f":{"1":6,"2":0,"3":3,"4":0,"5":0,"6":0,"7":0,"8":0,"9":6},"fnMap":{"1":{"name":"(anonymous_1)","line":4,"loc":{"start":{"line":4,"column":15},"end":{"line":4,"column":43}}},"2":{"name":"(anonymous_2)","line":12,"loc":{"start":{"line":12,"column":12},"end":{"line":12,"column":20}}},"3":{"name":"(anonymous_3)","line":17,"loc":{"start":{"line":17,"column":10},"end":{"line":17,"column":13}}},"4":{"name":"(anonymous_4)","line":31,"loc":{"start":{"line":31,"column":10},"end":{"line":31,"column":18}}},"5":{"name":"(anonymous_5)","line":41,"loc":{"start":{"line":41,"column":12},"end":{"line":41,"column":17}}},"6":{"name":"(anonymous_6)","line":47,"loc":{"start":{"line":47,"column":18},"end":{"line":47,"column":26}}},"7":{"name":"(anonymous_7)","line":62,"loc":{"start":{"line":62,"column":14},"end":{"line":62,"column":22}}},"8":{"name":"(anonymous_8)","line":68,"loc":{"start":{"line":68,"column":17},"end":{"line":68,"column":25}}},"9":{"name":"(anonymous_9)","line":77,"loc":{"start":{"line":77,"column":22},"end":{"line":77,"column":25}}}},"statementMap":{"1":{"start":{"line":1,"column":0},"end":{"line":1,"column":40}},"2":{"start":{"line":5,"column":8},"end":{"line":5,"column":21}},"3":{"start":{"line":6,"column":8},"end":{"line":6,"column":37}},"4":{"start":{"line":7,"column":8},"end":{"line":7,"column":35}},"5":{"start":{"line":8,"column":8},"end":{"line":8,"column":56}},"6":{"start":{"line":9,"column":8},"end":{"line":9,"column":66}},"7":{"start":{"line":13,"column":8},"end":{"line":14,"column":23}},"8":{"start":{"line":18,"column":8},"end":{"line":28,"column":15}},"9":{"start":{"line":21,"column":16},"end":{"line":25,"column":17}},"10":{"start":{"line":22,"column":20},"end":{"line":24,"column":22}},"11":{"start":{"line":23,"column":35},"end":{"line":23,"column":69}},"12":{"start":{"line":27,"column":16},"end":{"line":27,"column":30}},"13":{"start":{"line":32,"column":8},"end":{"line":34,"column":9}},"14":{"start":{"line":33,"column":12},"end":{"line":33,"column":56}},"15":{"start":{"line":35,"column":8},"end":{"line":38,"column":15}},"16":{"start":{"line":37,"column":16},"end":{"line":37,"column":29}},"17":{"start":{"line":42,"column":8},"end":{"line":44,"column":11}},"18":{"start":{"line":48,"column":8},"end":{"line":59,"column":15}},"19":{"start":{"line":50,"column":16},"end":{"line":56,"column":17}},"20":{"start":{"line":51,"column":20},"end":{"line":51,"column":31}},"21":{"start":{"line":52,"column":20},"end":{"line":55,"column":27}},"22":{"start":{"line":54,"column":28},"end":{"line":54,"column":41}},"23":{"start":{"line":58,"column":16},"end":{"line":58,"column":29}},"24":{"start":{"line":63,"column":8},"end":{"line":65,"column":18}},"25":{"start":{"line":69,"column":8},"end":{"line":72,"column":9}},"26":{"start":{"line":71,"column":12},"end":{"line":71,"column":24}},"27":{"start":{"line":74,"column":8},"end":{"line":74,"column":45}},"28":{"start":{"line":78,"column":8},"end":{"line":78,"column":56}},"29":{"start":{"line":82,"column":0},"end":{"line":82,"column":33}}},"branchMap":{"1":{"line":21,"type":"if","locations":[{"start":{"line":21,"column":16},"end":{"line":21,"column":16}},{"start":{"line":21,"column":16},"end":{"line":21,"column":16}}]},"2":{"line":32,"type":"if","locations":[{"start":{"line":32,"column":8},"end":{"line":32,"column":8}},{"start":{"line":32,"column":8},"end":{"line":32,"column":8}}]},"3":{"line":50,"type":"if","locations":[{"start":{"line":50,"column":16},"end":{"line":50,"column":16}},{"start":{"line":50,"column":16},"end":{"line":50,"column":16}}]},"4":{"line":69,"type":"if","locations":[{"start":{"line":69,"column":8},"end":{"line":69,"column":8}},{"start":{"line":69,"column":8},"end":{"line":69,"column":8}}]},"5":{"line":69,"type":"binary-expr","locations":[{"start":{"line":69,"column":12},"end":{"line":69,"column":49}},{"start":{"line":70,"column":12},"end":{"line":70,"column":56}}]}},"l":{"1":1,"5":6,"6":6,"7":6,"8":6,"9":6,"13":0,"18":3,"21":3,"22":2,"23":4,"27":1,"32":0,"33":0,"35":0,"37":0,"42":0,"48":0,"50":0,"51":0,"52":0,"54":0,"58":0,"63":0,"69":0,"71":0,"74":0,"78":6,"82":1}},
"/home/doncho/repos/nodejs/Live-demos/project-structure/app/routers/auth.router/controller.js":{"path":"/home/doncho/repos/nodejs/Live-demos/project-structure/app/routers/auth.router/controller.js","s":{"1":1,"2":0,"3":0,"4":0,"5":0,"6":0,"7":0,"8":0,"9":0,"10":0,"11":0,"12":0,"13":1,"14":1,"15":1},"b":{"1":[0,0]},"f":{"1":1,"2":0,"3":0,"4":0,"5":0},"fnMap":{"1":{"name":"(anonymous_1)","line":2,"loc":{"start":{"line":2,"column":15},"end":{"line":2,"column":22}}},"2":{"name":"(anonymous_2)","line":6,"loc":{"start":{"line":6,"column":17},"end":{"line":6,"column":28}}},"3":{"name":"(anonymous_3)","line":9,"loc":{"start":{"line":9,"column":17},"end":{"line":9,"column":28}}},"4":{"name":"(anonymous_4)","line":12,"loc":{"start":{"line":12,"column":11},"end":{"line":12,"column":22}}},"5":{"name":"(anonymous_5)","line":17,"loc":{"start":{"line":17,"column":10},"end":{"line":17,"column":21}}}},"statementMap":{"1":{"start":{"line":3,"column":8},"end":{"line":3,"column":25}},"2":{"start":{"line":7,"column":8},"end":{"line":7,"column":42}},"3":{"start":{"line":10,"column":8},"end":{"line":10,"column":42}},"4":{"start":{"line":13,"column":8},"end":{"line":13,"column":21}},"5":{"start":{"line":14,"column":8},"end":{"line":14,"column":33}},"6":{"start":{"line":18,"column":8},"end":{"line":18,"column":34}},"7":{"start":{"line":20,"column":8},"end":{"line":33,"column":15}},"8":{"start":{"line":22,"column":16},"end":{"line":24,"column":17}},"9":{"start":{"line":23,"column":20},"end":{"line":23,"column":59}},"10":{"start":{"line":26,"column":16},"end":{"line":26,"column":56}},"11":{"start":{"line":29,"column":16},"end":{"line":29,"column":53}},"12":{"start":{"line":32,"column":16},"end":{"line":32,"column":40}},"13":{"start":{"line":37,"column":0},"end":{"line":39,"column":2}},"14":{"start":{"line":38,"column":4},"end":{"line":38,"column":37}},"15":{"start":{"line":41,"column":0},"end":{"line":41,"column":26}}},"branchMap":{"1":{"line":22,"type":"if","locations":[{"start":{"line":22,"column":16},"end":{"line":22,"column":16}},{"start":{"line":22,"column":16},"end":{"line":22,"column":16}}]}},"l":{"3":1,"7":0,"10":0,"13":0,"14":0,"18":0,"20":0,"22":0,"23":0,"26":0,"29":0,"32":0,"37":1,"38":1,"41":1}},
"/home/doncho/repos/nodejs/Live-demos/project-structure/app/routers/auth.router/index.js":{"path":"/home/doncho/repos/nodejs/Live-demos/project-structure/app/routers/auth.router/index.js","s":{"1":1},"b":{},"f":{},"fnMap":{},"statementMap":{"1":{"start":{"line":1,"column":0},"end":{"line":1,"column":37}}},"branchMap":{},"l":{"1":1}},
"/home/doncho/repos/nodejs/Live-demos/project-structure/app/routers/auth.router/router.js":{"path":"/home/doncho/repos/nodejs/Live-demos/project-structure/app/routers/auth.router/router.js","s":{"1":1,"2":1,"3":1,"4":1,"5":1,"6":1,"7":0,"8":0,"9":0,"10":0,"11":1,"12":1},"b":{},"f":{},"fnMap":{},"statementMap":{"1":{"start":{"line":1,"column":0},"end":{"line":1,"column":38}},"2":{"start":{"line":2,"column":0},"end":{"line":2,"column":37}},"3":{"start":{"line":4,"column":0},"end":{"line":28,"column":2}},"4":{"start":{"line":5,"column":4},"end":{"line":5,"column":32}},"5":{"start":{"line":6,"column":4},"end":{"line":6,"column":58}},"6":{"start":{"line":8,"column":4},"end":{"line":25,"column":12}},"7":{"start":{"line":10,"column":12},"end":{"line":10,"column":54}},"8":{"start":{"line":13,"column":12},"end":{"line":13,"column":54}},"9":{"start":{"line":16,"column":12},"end":{"line":16,"column":48}},"10":{"start":{"line":19,"column":12},"end":{"line":19,"column":47}},"11":{"start":{"line":27,"column":4},"end":{"line":27,"column":29}},"12":{"start":{"line":30,"column":0},"end":{"line":30,"column":30}}},"branchMap":{},"l":{"1":1,"2":1,"4":1,"5":1,"6":1,"8":1,"10":0,"13":0,"16":0,"19":0,"27":1,"30":1}},
"/home/doncho/repos/nodejs/Live-demos/project-structure/app/routers/todos.router/controller.js":{"path":"/home/doncho/repos/nodejs/Live-demos/project-structure/app/routers/todos.router/controller.js","s":{"1":1,"2":0,"3":0,"4":0,"5":0,"6":0,"7":0,"8":0,"9":0,"10":0,"11":0,"12":0,"13":0,"14":0,"15":0,"16":0,"17":0,"18":0,"19":0,"20":1,"21":1,"22":1},"b":{"1":[0,0],"2":[0,0],"3":[0,0]},"f":{"1":1,"2":0,"3":0,"4":0},"fnMap":{"1":{"name":"(anonymous_1)","line":2,"loc":{"start":{"line":2,"column":15},"end":{"line":2,"column":22}}},"2":{"name":"(anonymous_2)","line":6,"loc":{"start":{"line":6,"column":10},"end":{"line":6,"column":21}}},"3":{"name":"(anonymous_3)","line":12,"loc":{"start":{"line":12,"column":11},"end":{"line":12,"column":22}}},"4":{"name":"(anonymous_4)","line":19,"loc":{"start":{"line":19,"column":10},"end":{"line":19,"column":21}}}},"statementMap":{"1":{"start":{"line":3,"column":8},"end":{"line":3,"column":25}},"2":{"start":{"line":7,"column":8},"end":{"line":9,"column":11}},"3":{"start":{"line":13,"column":8},"end":{"line":16,"column":15}},"4":{"start":{"line":15,"column":16},"end":{"line":15,"column":48}},"5":{"start":{"line":20,"column":8},"end":{"line":20,"column":30}},"6":{"start":{"line":23,"column":8},"end":{"line":25,"column":10}},"7":{"start":{"line":27,"column":8},"end":{"line":27,"column":30}},"8":{"start":{"line":29,"column":8},"end":{"line":32,"column":10}},"9":{"start":{"line":34,"column":8},"end":{"line":74,"column":15}},"10":{"start":{"line":40,"column":16},"end":{"line":40,"column":48}},"11":{"start":{"line":41,"column":16},"end":{"line":41,"column":58}},"12":{"start":{"line":42,"column":16},"end":{"line":46,"column":19}},"13":{"start":{"line":48,"column":16},"end":{"line":51,"column":18}},"14":{"start":{"line":53,"column":16},"end":{"line":53,"column":46}},"15":{"start":{"line":54,"column":16},"end":{"line":59,"column":19}},"16":{"start":{"line":61,"column":16},"end":{"line":65,"column":19}},"17":{"start":{"line":69,"column":16},"end":{"line":69,"column":46}},"18":{"start":{"line":72,"column":16},"end":{"line":72,"column":40}},"19":{"start":{"line":73,"column":16},"end":{"line":73,"column":51}},"20":{"start":{"line":78,"column":0},"end":{"line":80,"column":2}},"21":{"start":{"line":79,"column":4},"end":{"line":79,"column":37}},"22":{"start":{"line":82,"column":0},"end":{"line":82,"column":26}}},"branchMap":{"1":{"line":8,"type":"binary-expr","locations":[{"start":{"line":8,"column":21},"end":{"line":8,"column":35}},{"start":{"line":8,"column":39},"end":{"line":8,"column":41}}]},"2":{"line":41,"type":"binary-expr","locations":[{"start":{"line":41,"column":35},"end":{"line":41,"column":51}},{"start":{"line":41,"column":55},"end":{"line":41,"column":57}}]},"3":{"line":53,"type":"binary-expr","locations":[{"start":{"line":53,"column":29},"end":{"line":53,"column":39}},{"start":{"line":53,"column":43},"end":{"line":53,"column":45}}]}},"l":{"3":1,"7":0,"13":0,"15":0,"20":0,"23":0,"27":0,"29":0,"34":0,"40":0,"41":0,"42":0,"48":0,"53":0,"54":0,"61":0,"69":0,"72":0,"73":0,"78":1,"79":1,"82":1}},
"/home/doncho/repos/nodejs/Live-demos/project-structure/app/routers/todos.router/index.js":{"path":"/home/doncho/repos/nodejs/Live-demos/project-structure/app/routers/todos.router/index.js","s":{"1":1},"b":{},"f":{},"fnMap":{},"statementMap":{"1":{"start":{"line":1,"column":0},"end":{"line":1,"column":37}}},"branchMap":{},"l":{"1":1}},
"/home/doncho/repos/nodejs/Live-demos/project-structure/app/routers/todos.router/router.js":{"path":"/home/doncho/repos/nodejs/Live-demos/project-structure/app/routers/todos.router/router.js","s":{"1":1,"2":1,"3":1,"4":1,"5":1,"6":0,"7":0,"8":0,"9":0,"10":0,"11":0,"12":0,"13":0,"14":0,"15":0,"16":0,"17":0,"18":0,"19":1,"20":1},"b":{"1":[0,0],"2":[0,0],"3":[0,0]},"f":{},"fnMap":{},"statementMap":{"1":{"start":{"line":1,"column":0},"end":{"line":1,"column":38}},"2":{"start":{"line":3,"column":0},"end":{"line":44,"column":2}},"3":{"start":{"line":4,"column":4},"end":{"line":4,"column":32}},"4":{"start":{"line":5,"column":4},"end":{"line":5,"column":58}},"5":{"start":{"line":7,"column":4},"end":{"line":41,"column":11}},"6":{"start":{"line":9,"column":12},"end":{"line":19,"column":13}},"7":{"start":{"line":10,"column":16},"end":{"line":18,"column":23}},"8":{"start":{"line":12,"column":24},"end":{"line":15,"column":26}},"9":{"start":{"line":17,"column":24},"end":{"line":17,"column":54}},"10":{"start":{"line":20,"column":12},"end":{"line":20,"column":47}},"11":{"start":{"line":23,"column":12},"end":{"line":28,"column":13}},"12":{"start":{"line":24,"column":16},"end":{"line":27,"column":23}},"13":{"start":{"line":26,"column":24},"end":{"line":26,"column":54}},"14":{"start":{"line":30,"column":12},"end":{"line":30,"column":48}},"15":{"start":{"line":33,"column":12},"end":{"line":38,"column":13}},"16":{"start":{"line":34,"column":16},"end":{"line":37,"column":23}},"17":{"start":{"line":36,"column":24},"end":{"line":36,"column":54}},"18":{"start":{"line":40,"column":12},"end":{"line":40,"column":47}},"19":{"start":{"line":43,"column":4},"end":{"line":43,"column":30}},"20":{"start":{"line":46,"column":0},"end":{"line":46,"column":30}}},"branchMap":{"1":{"line":9,"type":"if","locations":[{"start":{"line":9,"column":12},"end":{"line":9,"column":12}},{"start":{"line":9,"column":12},"end":{"line":9,"column":12}}]},"2":{"line":23,"type":"if","locations":[{"start":{"line":23,"column":12},"end":{"line":23,"column":12}},{"start":{"line":23,"column":12},"end":{"line":23,"column":12}}]},"3":{"line":33,"type":"if","locations":[{"start":{"line":33,"column":12},"end":{"line":33,"column":12}},{"start":{"line":33,"column":12},"end":{"line":33,"column":12}}]}},"l":{"1":1,"3":1,"4":1,"5":1,"7":1,"9":0,"10":0,"12":0,"17":0,"20":0,"23":0,"24":0,"26":0,"30":0,"33":0,"34":0,"36":0,"40":0,"43":1,"46":1}},
"/home/doncho/repos/nodejs/Live-demos/project-structure/app/routers/categories.api.router/index.js":{"path":"/home/doncho/repos/nodejs/Live-demos/project-structure/app/routers/categories.api.router/index.js","s":{"1":1},"b":{},"f":{},"fnMap":{},"statementMap":{"1":{"start":{"line":1,"column":0},"end":{"line":1,"column":37}}},"branchMap":{},"l":{"1":1}},
"/home/doncho/repos/nodejs/Live-demos/project-structure/app/routers/categories.api.router/router.js":{"path":"/home/doncho/repos/nodejs/Live-demos/project-structure/app/routers/categories.api.router/router.js","s":{"1":1,"2":1,"3":1,"4":1,"5":0,"6":0,"7":1,"8":1},"b":{},"f":{},"fnMap":{},"statementMap":{"1":{"start":{"line":1,"column":0},"end":{"line":1,"column":38}},"2":{"start":{"line":3,"column":0},"end":{"line":15,"column":2}},"3":{"start":{"line":4,"column":4},"end":{"line":4,"column":35}},"4":{"start":{"line":6,"column":4},"end":{"line":12,"column":11}},"5":{"start":{"line":8,"column":12},"end":{"line":11,"column":19}},"6":{"start":{"line":10,"column":20},"end":{"line":10,"column":43}},"7":{"start":{"line":14,"column":4},"end":{"line":14,"column":42}},"8":{"start":{"line":17,"column":0},"end":{"line":17,"column":30}}},"branchMap":{},"l":{"1":1,"3":1,"4":1,"6":1,"8":0,"10":0,"14":1,"17":1}},
"/home/doncho/repos/nodejs/Live-demos/project-structure/app/routers/items.router/controller.js":{"path":"/home/doncho/repos/nodejs/Live-demos/project-structure/app/routers/items.router/controller.js","s":{"1":1,"2":2,"3":2,"4":2,"5":2,"6":1},"b":{},"f":{"1":2},"fnMap":{"1":{"name":"(anonymous_1)","line":3,"loc":{"start":{"line":3,"column":14},"end":{"line":3,"column":25}}}},"statementMap":{"1":{"start":{"line":1,"column":0},"end":{"line":14,"column":2}},"2":{"start":{"line":2,"column":4},"end":{"line":11,"column":6}},"3":{"start":{"line":4,"column":12},"end":{"line":9,"column":19}},"4":{"start":{"line":6,"column":20},"end":{"line":8,"column":23}},"5":{"start":{"line":13,"column":4},"end":{"line":13,"column":22}},"6":{"start":{"line":17,"column":0},"end":{"line":17,"column":26}}},"branchMap":{},"l":{"1":1,"2":2,"4":2,"6":2,"13":2,"17":1}},
"/home/doncho/repos/nodejs/Live-demos/project-structure/app/routers/items.router/index.js":{"path":"/home/doncho/repos/nodejs/Live-demos/project-structure/app/routers/items.router/index.js","s":{"1":1},"b":{},"f":{},"fnMap":{},"statementMap":{"1":{"start":{"line":1,"column":0},"end":{"line":1,"column":37}}},"branchMap":{},"l":{"1":1}},
"/home/doncho/repos/nodejs/Live-demos/project-structure/app/routers/items.router/router.js":{"path":"/home/doncho/repos/nodejs/Live-demos/project-structure/app/routers/items.router/router.js","s":{"1":1,"2":1,"3":1,"4":1,"5":1,"6":0,"7":1,"8":0,"9":0,"10":0,"11":0,"12":0,"13":1},"b":{},"f":{},"fnMap":{},"statementMap":{"1":{"start":{"line":1,"column":0},"end":{"line":27,"column":2}},"2":{"start":{"line":2,"column":4},"end":{"line":2,"column":58}},"3":{"start":{"line":4,"column":4},"end":{"line":7,"column":7}},"4":{"start":{"line":6,"column":8},"end":{"line":6,"column":43}},"5":{"start":{"line":9,"column":4},"end":{"line":11,"column":7}},"6":{"start":{"line":10,"column":8},"end":{"line":10,"column":40}},"7":{"start":{"line":13,"column":4},"end":{"line":26,"column":7}},"8":{"start":{"line":14,"column":8},"end":{"line":14,"column":30}},"9":{"start":{"line":17,"column":8},"end":{"line":25,"column":15}},"10":{"start":{"line":19,"column":16},"end":{"line":19,"column":46}},"11":{"start":{"line":23,"column":16},"end":{"line":23,"column":40}},"12":{"start":{"line":24,"column":16},"end":{"line":24,"column":51}},"13":{"start":{"line":29,"column":0},"end":{"line":29,"column":30}}},"branchMap":{},"l":{"1":1,"2":1,"4":1,"6":1,"9":1,"10":0,"13":1,"14":0,"17":0,"19":0,"23":0,"24":0,"29":1}},
"/home/doncho/repos/nodejs/Live-demos/project-structure/app/app.js":{"path":"/home/doncho/repos/nodejs/Live-demos/project-structure/app/app.js","s":{"1":1,"2":1,"3":1,"4":1,"5":1,"6":1,"7":1,"8":1,"9":1,"10":1,"11":1,"12":1},"b":{},"f":{},"fnMap":{},"statementMap":{"1":{"start":{"line":1,"column":0},"end":{"line":1,"column":35}},"2":{"start":{"line":3,"column":0},"end":{"line":19,"column":2}},"3":{"start":{"line":4,"column":4},"end":{"line":4,"column":26}},"4":{"start":{"line":6,"column":4},"end":{"line":6,"column":37}},"5":{"start":{"line":7,"column":4},"end":{"line":7,"column":41}},"6":{"start":{"line":9,"column":4},"end":{"line":9,"column":40}},"7":{"start":{"line":10,"column":4},"end":{"line":13,"column":7}},"8":{"start":{"line":11,"column":8},"end":{"line":11,"column":68}},"9":{"start":{"line":12,"column":8},"end":{"line":12,"column":15}},"10":{"start":{"line":15,"column":4},"end":{"line":16,"column":29}},"11":{"start":{"line":18,"column":4},"end":{"line":18,"column":32}},"12":{"start":{"line":21,"column":0},"end":{"line":23,"column":2}}},"branchMap":{},"l":{"1":1,"3":1,"4":1,"6":1,"7":1,"9":1,"10":1,"11":1,"12":1,"15":1,"18":1,"21":1}},
"/home/doncho/repos/nodejs/Live-demos/project-structure/app/index.js":{"path":"/home/doncho/repos/nodejs/Live-demos/project-structure/app/index.js","s":{"1":1},"b":{},"f":{},"fnMap":{},"statementMap":{"1":{"start":{"line":1,"column":0},"end":{"line":1,"column":34}}},"branchMap":{},"l":{"1":1}},
"/home/doncho/repos/nodejs/Live-demos/project-structure/app/auth/auth.js":{"path":"/home/doncho/repos/nodejs/Live-demos/project-structure/app/auth/auth.js","s":{"1":1,"2":1,"3":1,"4":1,"5":1,"6":1,"7":1,"8":0,"9":0,"10":0,"11":0,"12":1,"13":1,"14":1,"15":1,"16":0,"17":1,"18":0,"19":0,"20":1,"21":1,"22":1,"23":1},"b":{},"f":{},"fnMap":{},"statementMap":{"1":{"start":{"line":1,"column":0},"end":{"line":1,"column":43}},"2":{"start":{"line":2,"column":0},"end":{"line":2,"column":37}},"3":{"start":{"line":3,"column":0},"end":{"line":3,"column":47}},"4":{"start":{"line":4,"column":0},"end":{"line":4,"column":53}},"5":{"start":{"line":6,"column":0},"end":{"line":6,"column":39}},"6":{"start":{"line":8,"column":0},"end":{"line":50,"column":2}},"7":{"start":{"line":9,"column":4},"end":{"line":20,"column":8}},"8":{"start":{"line":10,"column":8},"end":{"line":19,"column":15}},"9":{"start":{"line":12,"column":16},"end":{"line":12,"column":59}},"10":{"start":{"line":15,"column":16},"end":{"line":15,"column":33}},"11":{"start":{"line":18,"column":16},"end":{"line":18,"column":26}},"12":{"start":{"line":22,"column":4},"end":{"line":27,"column":8}},"13":{"start":{"line":29,"column":4},"end":{"line":29,"column":35}},"14":{"start":{"line":30,"column":4},"end":{"line":30,"column":32}},"15":{"start":{"line":32,"column":4},"end":{"line":34,"column":7}},"16":{"start":{"line":33,"column":8},"end":{"line":33,"column":29}},"17":{"start":{"line":36,"column":4},"end":{"line":41,"column":7}},"18":{"start":{"line":37,"column":8},"end":{"line":40,"column":27}},"19":{"start":{"line":39,"column":16},"end":{"line":39,"column":33}},"20":{"start":{"line":43,"column":4},"end":{"line":49,"column":7}},"21":{"start":{"line":44,"column":8},"end":{"line":46,"column":10}},"22":{"start":{"line":48,"column":8},"end":{"line":48,"column":15}},"23":{"start":{"line":52,"column":0},"end":{"line":52,"column":29}}},"branchMap":{},"l":{"1":1,"2":1,"3":1,"4":1,"6":1,"8":1,"9":1,"10":0,"12":0,"15":0,"18":0,"22":1,"29":1,"30":1,"32":1,"33":0,"36":1,"37":0,"39":0,"43":1,"44":1,"48":1,"52":1}},
"/home/doncho/repos/nodejs/Live-demos/project-structure/app/auth/index.js":{"path":"/home/doncho/repos/nodejs/Live-demos/project-structure/app/auth/index.js","s":{"1":1},"b":{},"f":{},"fnMap":{},"statementMap":{"1":{"start":{"line":1,"column":0},"end":{"line":1,"column":35}}},"branchMap":{},"l":{"1":1}},
"/home/doncho/repos/nodejs/Live-demos/project-structure/app/config/config.js":{"path":"/home/doncho/repos/nodejs/Live-demos/project-structure/app/config/config.js","s":{"1":1,"2":1,"3":1,"4":1,"5":1,"6":1,"7":1,"8":1,"9":1,"10":1,"11":1,"12":1,"13":1,"14":1},"b":{},"f":{},"fnMap":{},"statementMap":{"1":{"start":{"line":3,"column":0},"end":{"line":3,"column":29}},"2":{"start":{"line":5,"column":0},"end":{"line":5,"column":42}},"3":{"start":{"line":6,"column":0},"end":{"line":6,"column":46}},"4":{"start":{"line":7,"column":0},"end":{"line":7,"column":35}},"5":{"start":{"line":9,"column":0},"end":{"line":21,"column":2}},"6":{"start":{"line":10,"column":4},"end":{"line":10,"column":34}},"7":{"start":{"line":11,"column":4},"end":{"line":11,"column":31}},"8":{"start":{"line":12,"column":4},"end":{"line":12,"column":55}},"9":{"start":{"line":14,"column":4},"end":{"line":14,"column":65}},"10":{"start":{"line":15,"column":4},"end":{"line":15,"column":47}},"11":{"start":{"line":17,"column":4},"end":{"line":17,"column":61}},"12":{"start":{"line":18,"column":4},"end":{"line":18,"column":52}},"13":{"start":{"line":20,"column":4},"end":{"line":20,"column":42}},"14":{"start":{"line":23,"column":0},"end":{"line":23,"column":29}}},"branchMap":{},"l":{"3":1,"5":1,"6":1,"7":1,"9":1,"10":1,"11":1,"12":1,"14":1,"15":1,"17":1,"18":1,"20":1,"23":1}},
"/home/doncho/repos/nodejs/Live-demos/project-structure/app/config/index.js":{"path":"/home/doncho/repos/nodejs/Live-demos/project-structure/app/config/index.js","s":{"1":1},"b":{},"f":{},"fnMap":{},"statementMap":{"1":{"start":{"line":1,"column":0},"end":{"line":1,"column":37}}},"branchMap":{},"l":{"1":1}},
"/home/doncho/repos/nodejs/Live-demos/project-structure/app/routers/index.js":{"path":"/home/doncho/repos/nodejs/Live-demos/project-structure/app/routers/index.js","s":{"1":1},"b":{},"f":{},"fnMap":{},"statementMap":{"1":{"start":{"line":1,"column":0},"end":{"line":1,"column":38}}},"branchMap":{},"l":{"1":1}},
"/home/doncho/repos/nodejs/Live-demos/project-structure/app/routers/routers.js":{"path":"/home/doncho/repos/nodejs/Live-demos/project-structure/app/routers/routers.js","s":{"1":1,"2":1,"3":1,"4":1,"5":0,"6":1,"7":6,"8":4,"9":4,"10":1},"b":{},"f":{},"fnMap":{},"statementMap":{"1":{"start":{"line":3,"column":0},"end":{"line":3,"column":25}},"2":{"start":{"line":4,"column":0},"end":{"line":4,"column":29}},"3":{"start":{"line":6,"column":0},"end":{"line":17,"column":2}},"4":{"start":{"line":7,"column":4},"end":{"line":9,"column":7}},"5":{"start":{"line":8,"column":8},"end":{"line":8,"column":34}},"6":{"start":{"line":11,"column":4},"end":{"line":16,"column":11}},"7":{"start":{"line":12,"column":26},"end":{"line":12,"column":50}},"8":{"start":{"line":14,"column":12},"end":{"line":14,"column":58}},"9":{"start":{"line":15,"column":12},"end":{"line":15,"column":52}},"10":{"start":{"line":19,"column":0},"end":{"line":19,"column":30}}},"branchMap":{},"l":{"3":1,"4":1,"6":1,"7":1,"8":0,"11":1,"12":6,"14":4,"15":4,"19":1}},
"/home/doncho/repos/nodejs/Live-demos/project-structure/config/config.js":{"path":"/home/doncho/repos/nodejs/Live-demos/project-structure/config/config.js","s":{"1":1,"2":1,"3":1,"4":1},"b":{},"f":{},"fnMap":{},"statementMap":{"1":{"start":{"line":1,"column":0},"end":{"line":1,"column":18}},"2":{"start":{"line":2,"column":0},"end":{"line":2,"column":56}},"3":{"start":{"line":3,"column":0},"end":{"line":3,"column":39}},"4":{"start":{"line":5,"column":0},"end":{"line":5,"column":59}}},"branchMap":{},"l":{"1":1,"2":1,"3":1,"5":1}},
"/home/doncho/repos/nodejs/Live-demos/project-structure/config/index.js":{"path":"/home/doncho/repos/nodejs/Live-demos/project-structure/config/index.js","s":{"1":1},"b":{},"f":{},"fnMap":{},"statementMap":{"1":{"start":{"line":1,"column":0},"end":{"line":1,"column":37}}},"branchMap":{},"l":{"1":1}},
"/home/doncho/repos/nodejs/Live-demos/project-structure/db/db.js":{"path":"/home/doncho/repos/nodejs/Live-demos/project-structure/db/db.js","s":{"1":1,"2":1,"3":1,"4":1,"5":1,"6":1},"b":{},"f":{},"fnMap":{},"statementMap":{"1":{"start":{"line":3,"column":0},"end":{"line":3,"column":43}},"2":{"start":{"line":5,"column":0},"end":{"line":11,"column":2}},"3":{"start":{"line":6,"column":4},"end":{"line":10,"column":11}},"4":{"start":{"line":8,"column":12},"end":{"line":8,"column":47}},"5":{"start":{"line":9,"column":12},"end":{"line":9,"column":22}},"6":{"start":{"line":13,"column":0},"end":{"line":13,"column":26}}},"branchMap":{},"l":{"3":1,"5":1,"6":1,"8":1,"9":1,"13":1}},
"/home/doncho/repos/nodejs/Live-demos/project-structure/db/index.js":{"path":"/home/doncho/repos/nodejs/Live-demos/project-structure/db/index.js","s":{"1":1},"b":{},"f":{},"fnMap":{},"statementMap":{"1":{"start":{"line":1,"column":0},"end":{"line":1,"column":33}}},"branchMap":{},"l":{"1":1}},
"/home/doncho/repos/nodejs/Live-demos/project-structure/models/item.model.js":{"path":"/home/doncho/repos/nodejs/Live-demos/project-structure/models/item.model.js","s":{"1":0,"2":0,"3":0,"4":0,"5":0,"6":0,"7":1},"b":{"1":[0,0,0]},"f":{"1":0,"2":0,"3":0},"fnMap":{"1":{"name":"(anonymous_1)","line":2,"loc":{"start":{"line":2,"column":18},"end":{"line":2,"column":26}}},"2":{"name":"(anonymous_2)","line":8,"loc":{"start":{"line":8,"column":10},"end":{"line":8,"column":13}}},"3":{"name":"(anonymous_3)","line":12,"loc":{"start":{"line":12,"column":22},"end":{"line":12,"column":30}}}},"statementMap":{"1":{"start":{"line":3,"column":8},"end":{"line":5,"column":34}},"2":{"start":{"line":9,"column":8},"end":{"line":9,"column":24}},"3":{"start":{"line":13,"column":8},"end":{"line":13,"column":37}},"4":{"start":{"line":15,"column":8},"end":{"line":18,"column":15}},"5":{"start":{"line":17,"column":16},"end":{"line":17,"column":46}},"6":{"start":{"line":20,"column":8},"end":{"line":20,"column":25}},"7":{"start":{"line":24,"column":0},"end":{"line":24,"column":22}}},"branchMap":{"1":{"line":3,"type":"binary-expr","locations":[{"start":{"line":3,"column":15},"end":{"line":3,"column":43}},{"start":{"line":4,"column":12},"end":{"line":4,"column":42}},{"start":{"line":5,"column":12},"end":{"line":5,"column":33}}]}},"l":{"3":0,"9":0,"13":0,"15":0,"17":0,"20":0,"24":1}},
"/home/doncho/repos/nodejs/Live-demos/project-structure/models/todo.model.js":{"path":"/home/doncho/repos/nodejs/Live-demos/project-structure/models/todo.model.js","s":{"1":0,"2":0,"3":0,"4":0,"5":0,"6":0,"7":0,"8":1},"b":{"1":[0,0,0],"2":[0,0,0]},"f":{"1":0,"2":0,"3":0,"4":0},"fnMap":{"1":{"name":"(anonymous_1)","line":2,"loc":{"start":{"line":2,"column":18},"end":{"line":2,"column":26}}},"2":{"name":"(anonymous_2)","line":8,"loc":{"start":{"line":8,"column":10},"end":{"line":8,"column":13}}},"3":{"name":"(anonymous_3)","line":12,"loc":{"start":{"line":12,"column":22},"end":{"line":12,"column":30}}},"4":{"name":"(anonymous_4)","line":23,"loc":{"start":{"line":23,"column":18},"end":{"line":23,"column":26}}}},"statementMap":{"1":{"start":{"line":3,"column":8},"end":{"line":5,"column":34}},"2":{"start":{"line":9,"column":8},"end":{"line":9,"column":24}},"3":{"start":{"line":13,"column":8},"end":{"line":13,"column":37}},"4":{"start":{"line":15,"column":8},"end":{"line":18,"column":15}},"5":{"start":{"line":17,"column":16},"end":{"line":17,"column":46}},"6":{"start":{"line":20,"column":8},"end":{"line":20,"column":25}},"7":{"start":{"line":24,"column":8},"end":{"line":26,"column":50}},"8":{"start":{"line":30,"column":0},"end":{"line":30,"column":22}}},"branchMap":{"1":{"line":3,"type":"binary-expr","locations":[{"start":{"line":3,"column":15},"end":{"line":3,"column":43}},{"start":{"line":4,"column":12},"end":{"line":4,"column":42}},{"start":{"line":5,"column":12},"end":{"line":5,"column":33}}]},"2":{"line":24,"type":"binary-expr","locations":[{"start":{"line":24,"column":15},"end":{"line":24,"column":22}},{"start":{"line":25,"column":12},"end":{"line":25,"column":45}},{"start":{"line":26,"column":12},"end":{"line":26,"column":49}}]}},"l":{"3":0,"9":0,"13":0,"15":0,"17":0,"20":0,"24":0,"30":1}},
"/home/doncho/repos/nodejs/Live-demos/project-structure/models/user.model.js":{"path":"/home/doncho/repos/nodejs/Live-demos/project-structure/models/user.model.js","s":{"1":0,"2":0,"3":0,"4":0,"5":0,"6":0,"7":1},"b":{},"f":{"1":0,"2":0,"3":0},"fnMap":{"1":{"name":"(anonymous_1)","line":2,"loc":{"start":{"line":2,"column":18},"end":{"line":2,"column":26}}},"2":{"name":"(anonymous_2)","line":6,"loc":{"start":{"line":6,"column":10},"end":{"line":6,"column":13}}},"3":{"name":"(anonymous_3)","line":10,"loc":{"start":{"line":10,"column":22},"end":{"line":10,"column":30}}}},"statementMap":{"1":{"start":{"line":3,"column":8},"end":{"line":3,"column":20}},"2":{"start":{"line":7,"column":8},"end":{"line":7,"column":24}},"3":{"start":{"line":11,"column":8},"end":{"line":11,"column":37}},"4":{"start":{"line":13,"column":8},"end":{"line":16,"column":15}},"5":{"start":{"line":15,"column":16},"end":{"line":15,"column":46}},"6":{"start":{"line":18,"column":8},"end":{"line":18,"column":25}},"7":{"start":{"line":22,"column":0},"end":{"line":22,"column":22}}},"branchMap":{},"l":{"3":0,"7":0,"11":0,"13":0,"15":0,"18":0,"22":1}},
"/home/doncho/repos/nodejs/Live-demos/project-structure/server.js":{"path":"/home/doncho/repos/nodejs/Live-demos/project-structure/server.js","s":{"1":0,"2":0,"3":0,"4":0,"5":0,"6":0,"7":0,"8":0,"9":0,"10":0},"b":{},"f":{},"fnMap":{},"statementMap":{"1":{"start":{"line":3,"column":0},"end":{"line":5,"column":2}},"2":{"start":{"line":4,"column":4},"end":{"line":4,"column":29}},"3":{"start":{"line":7,"column":0},"end":{"line":7,"column":35}},"4":{"start":{"line":9,"column":0},"end":{"line":19,"column":7}},"5":{"start":{"line":10,"column":16},"end":{"line":10,"column":61}},"6":{"start":{"line":11,"column":18},"end":{"line":11,"column":44}},"7":{"start":{"line":12,"column":20},"end":{"line":12,"column":47}},"8":{"start":{"line":14,"column":8},"end":{"line":15,"column":62}},"9":{"start":{"line":15,"column":12},"end":{"line":15,"column":60}},"10":{"start":{"line":18,"column":8},"end":{"line":18,"column":25}}},"branchMap":{},"l":{"3":0,"4":0,"7":0,"9":0,"10":0,"11":0,"12":0,"14":0,"15":0,"18":0}}}
