TN:
SF:/Users/minkov/workspace/node/project-structure/data/data.js
FNF:0
FNH:0
DA:1,1
DA:3,1
DA:4,1
DA:9,1
LF:4
LH:4
BRF:0
BRH:0
end_of_record
TN:
SF:/Users/minkov/workspace/node/project-structure/data/index.js
FNF:0
FNH:0
DA:1,1
LF:1
LH:1
BRF:0
BRH:0
end_of_record
TN:
SF:/Users/minkov/workspace/node/project-structure/data/items.data.js
FN:5,(anonymous_1)
FN:9,(anonymous_2)
FNF:2
FNH:1
FNDA:1,(anonymous_1)
FNDA:0,(anonymous_2)
DA:1,1
DA:2,1
DA:6,1
DA:11,0
DA:15,1
LF:5
LH:4
BRF:0
BRH:0
end_of_record
TN:
SF:/Users/minkov/workspace/node/project-structure/data/users.data.js
FN:5,(anonymous_1)
FN:9,(anonymous_2)
FNF:2
FNH:0
FNDA:0,(anonymous_1)
FNDA:0,(anonymous_2)
DA:1,0
DA:2,0
DA:6,0
DA:10,0
DA:15,0
DA:16,0
DA:19,0
DA:20,0
DA:23,0
DA:28,0
LF:10
LH:0
BRDA:15,1,0,0
BRDA:15,1,1,0
BRDA:19,2,0,0
BRDA:19,2,1,0
BRF:4
BRH:0
end_of_record
TN:
SF:/Users/minkov/workspace/node/project-structure/data/base/base.data.js
FN:2,(anonymous_1)
FN:10,(anonymous_2)
FN:28,(anonymous_3)
FN:39,(anonymous_4)
FN:43,(anonymous_5)
FNF:5
FNH:3
FNDA:3,(anonymous_1)
FNDA:3,(anonymous_2)
FNDA:0,(anonymous_3)
FNDA:0,(anonymous_4)
FNDA:3,(anonymous_5)
DA:3,3
DA:4,3
DA:5,3
DA:6,3
DA:7,3
DA:11,3
DA:12,3
DA:13,3
DA:17,3
DA:18,2
DA:19,2
DA:21,4
DA:25,3
DA:29,0
DA:30,0
DA:33,0
DA:35,0
DA:40,0
DA:44,3
DA:48,1
LF:20
LH:15
BRDA:17,1,0,2
BRDA:17,1,1,1
BRDA:29,2,0,0
BRDA:29,2,1,0
BRF:4
BRH:2
end_of_record
TN:
SF:/Users/minkov/workspace/node/project-structure/app/routers/items.router/controller.js
FN:3,(anonymous_1)
FNF:1
FNH:1
FNDA:2,(anonymous_1)
DA:1,1
DA:2,2
DA:4,2
DA:6,2
DA:7,2
DA:14,2
DA:18,1
LF:7
LH:7
BRF:0
BRH:0
end_of_record
TN:
SF:/Users/minkov/workspace/node/project-structure/app/routers/items.router/index.js
FNF:0
FNH:0
DA:1,1
LF:1
LH:1
BRF:0
BRH:0
end_of_record
TN:
SF:/Users/minkov/workspace/node/project-structure/app/routers/items.router/router.js
FNF:0
FNH:0
DA:1,1
DA:2,1
DA:4,1
DA:6,1
DA:9,1
DA:10,0
DA:13,1
DA:14,0
DA:17,0
DA:19,0
DA:23,0
DA:24,0
DA:29,1
LF:13
LH:7
BRF:0
BRH:0
end_of_record
TN:
SF:/Users/minkov/workspace/node/project-structure/app/app.js
FNF:0
FNH:0
DA:3,1
DA:5,1
DA:6,1
DA:7,1
DA:8,1
DA:10,1
DA:11,1
DA:14,1
DA:15,1
DA:16,1
DA:18,1
DA:20,1
DA:21,1
DA:23,1
DA:24,1
DA:25,1
DA:26,1
DA:30,1
DA:33,1
DA:36,1
LF:20
LH:20
BRF:0
BRH:0
end_of_record
TN:
SF:/Users/minkov/workspace/node/project-structure/app/index.js
FNF:0
FNH:0
DA:1,1
LF:1
LH:1
BRF:0
BRH:0
end_of_record
TN:
SF:/Users/minkov/workspace/node/project-structure/app/routers/index.js
FNF:0
FNH:0
DA:1,1
LF:1
LH:1
BRF:0
BRH:0
end_of_record
TN:
SF:/Users/minkov/workspace/node/project-structure/app/routers/routers.js
FNF:0
FNH:0
DA:3,1
DA:4,1
DA:6,1
DA:7,1
DA:8,0
DA:11,1
DA:12,3
DA:14,1
DA:15,1
DA:19,1
LF:10
LH:9
BRF:0
BRH:0
end_of_record
TN:
SF:/Users/minkov/workspace/node/project-structure/config/config.js
FNF:0
FNH:0
DA:1,0
DA:2,0
DA:4,0
LF:3
LH:0
BRF:0
BRH:0
end_of_record
TN:
SF:/Users/minkov/workspace/node/project-structure/config/index.js
FNF:0
FNH:0
DA:1,0
LF:1
LH:0
BRF:0
BRH:0
end_of_record
TN:
SF:/Users/minkov/workspace/node/project-structure/db/db.js
FNF:0
FNH:0
DA:1,1
DA:3,1
DA:4,1
DA:7,1
LF:4
LH:4
BRF:0
BRH:0
end_of_record
TN:
SF:/Users/minkov/workspace/node/project-structure/db/index.js
FNF:0
FNH:0
DA:1,1
LF:1
LH:1
BRF:0
BRH:0
end_of_record
TN:
SF:/Users/minkov/workspace/node/project-structure/models/item.model.js
FN:2,(anonymous_1)
FN:8,(anonymous_2)
FN:12,(anonymous_3)
FNF:3
FNH:0
FNDA:0,(anonymous_1)
FNDA:0,(anonymous_2)
FNDA:0,(anonymous_3)
DA:3,0
DA:9,0
DA:13,0
DA:15,0
DA:17,0
DA:20,0
DA:24,1
LF:7
LH:1
BRDA:3,1,0,0
BRDA:3,1,1,0
BRDA:3,1,2,0
BRF:3
BRH:0
end_of_record
TN:
SF:/Users/minkov/workspace/node/project-structure/models/user.model.js
FNF:0
FNH:0
LF:0
LH:0
BRF:0
BRH:0
end_of_record
TN:
SF:/Users/minkov/workspace/node/project-structure/server.js
FNF:0
FNH:0
DA:3,0
DA:4,0
DA:7,0
DA:9,0
DA:10,0
DA:11,0
DA:12,0
DA:14,0
LF:8
LH:0
BRF:0
BRH:0
end_of_record
