TN:
SF:/home/doncho/repos/nodejs/Live-demos/project-structure/data/categories.data.js
FN:4,(anonymous_1)
FN:10,(anonymous_2)
FNF:2
FNH:1
FNDA:0,(anonymous_1)
FNDA:1,(anonymous_2)
DA:1,1
DA:3,1
DA:5,0
DA:11,1
DA:15,1
LF:5
LH:4
BRF:0
BRH:0
end_of_record
TN:
SF:/home/doncho/repos/nodejs/Live-demos/project-structure/data/data.js
FNF:0
FNH:0
DA:1,1
DA:2,1
DA:3,1
DA:4,1
DA:6,1
DA:7,1
DA:15,1
LF:7
LH:7
BRF:0
BRH:0
end_of_record
TN:
SF:/home/doncho/repos/nodejs/Live-demos/project-structure/data/index.js
FNF:0
FNH:0
DA:1,1
LF:1
LH:1
BRF:0
BRH:0
end_of_record
TN:
SF:/home/doncho/repos/nodejs/Live-demos/project-structure/data/items.data.js
FN:5,(anonymous_1)
FN:9,(anonymous_2)
FNF:2
FNH:1
FNDA:1,(anonymous_1)
FNDA:0,(anonymous_2)
DA:1,1
DA:2,1
DA:6,1
DA:11,0
DA:15,1
LF:5
LH:4
BRF:0
BRH:0
end_of_record
TN:
SF:/home/doncho/repos/nodejs/Live-demos/project-structure/data/todos.data.js
FN:6,(anonymous_1)
FN:10,(anonymous_2)
FNF:2
FNH:1
FNDA:1,(anonymous_1)
FNDA:0,(anonymous_2)
DA:1,1
DA:3,1
DA:7,1
DA:11,0
DA:22,1
LF:5
LH:4
BRF:0
BRH:0
end_of_record
TN:
SF:/home/doncho/repos/nodejs/Live-demos/project-structure/data/users.data.js
FN:5,(anonymous_1)
FN:9,(anonymous_2)
FN:15,(anonymous_3)
FNF:3
FNH:1
FNDA:1,(anonymous_1)
FNDA:0,(anonymous_2)
FNDA:0,(anonymous_3)
DA:1,1
DA:2,1
DA:6,1
DA:10,0
DA:12,0
DA:16,0
DA:18,0
DA:19,0
DA:22,0
DA:23,0
DA:26,0
DA:31,1
LF:12
LH:4
BRDA:18,1,0,0
BRDA:18,1,1,0
BRDA:22,2,0,0
BRDA:22,2,1,0
BRF:4
BRH:0
end_of_record
TN:
SF:/home/doncho/repos/nodejs/Live-demos/project-structure/data/base/base.data.js
FN:4,(anonymous_1)
FN:12,(anonymous_2)
FN:17,(anonymous_3)
FN:31,(anonymous_4)
FN:41,(anonymous_5)
FN:47,(anonymous_6)
FN:62,(anonymous_7)
FN:68,(anonymous_8)
FN:77,(anonymous_9)
FNF:9
FNH:3
FNDA:6,(anonymous_1)
FNDA:0,(anonymous_2)
FNDA:3,(anonymous_3)
FNDA:0,(anonymous_4)
FNDA:0,(anonymous_5)
FNDA:0,(anonymous_6)
FNDA:0,(anonymous_7)
FNDA:0,(anonymous_8)
FNDA:6,(anonymous_9)
DA:1,1
DA:5,6
DA:6,6
DA:7,6
DA:8,6
DA:9,6
DA:13,0
DA:18,3
DA:21,3
DA:22,2
DA:23,4
DA:27,1
DA:32,0
DA:33,0
DA:35,0
DA:37,0
DA:42,0
DA:48,0
DA:50,0
DA:51,0
DA:52,0
DA:54,0
DA:58,0
DA:63,0
DA:69,0
DA:71,0
DA:74,0
DA:78,6
DA:82,1
LF:29
LH:13
BRDA:21,1,0,2
BRDA:21,1,1,1
BRDA:32,2,0,0
BRDA:32,2,1,0
BRDA:50,3,0,0
BRDA:50,3,1,0
BRDA:69,4,0,0
BRDA:69,4,1,0
BRDA:69,5,0,0
BRDA:69,5,1,0
BRF:10
BRH:2
end_of_record
TN:
SF:/home/doncho/repos/nodejs/Live-demos/project-structure/app/routers/auth.router/controller.js
FN:2,(anonymous_1)
FN:6,(anonymous_2)
FN:9,(anonymous_3)
FN:12,(anonymous_4)
FN:17,(anonymous_5)
FNF:5
FNH:1
FNDA:1,(anonymous_1)
FNDA:0,(anonymous_2)
FNDA:0,(anonymous_3)
FNDA:0,(anonymous_4)
FNDA:0,(anonymous_5)
DA:3,1
DA:7,0
DA:10,0
DA:13,0
DA:14,0
DA:18,0
DA:20,0
DA:22,0
DA:23,0
DA:26,0
DA:29,0
DA:32,0
DA:37,1
DA:38,1
DA:41,1
LF:15
LH:4
BRDA:22,1,0,0
BRDA:22,1,1,0
BRF:2
BRH:0
end_of_record
TN:
SF:/home/doncho/repos/nodejs/Live-demos/project-structure/app/routers/auth.router/index.js
FNF:0
FNH:0
DA:1,1
LF:1
LH:1
BRF:0
BRH:0
end_of_record
TN:
SF:/home/doncho/repos/nodejs/Live-demos/project-structure/app/routers/auth.router/router.js
FNF:0
FNH:0
DA:1,1
DA:2,1
DA:4,1
DA:5,1
DA:6,1
DA:8,1
DA:10,0
DA:13,0
DA:16,0
DA:19,0
DA:27,1
DA:30,1
LF:12
LH:8
BRF:0
BRH:0
end_of_record
TN:
SF:/home/doncho/repos/nodejs/Live-demos/project-structure/app/routers/todos.router/controller.js
FN:2,(anonymous_1)
FN:6,(anonymous_2)
FN:12,(anonymous_3)
FN:19,(anonymous_4)
FNF:4
FNH:1
FNDA:1,(anonymous_1)
FNDA:0,(anonymous_2)
FNDA:0,(anonymous_3)
FNDA:0,(anonymous_4)
DA:3,1
DA:7,0
DA:13,0
DA:15,0
DA:20,0
DA:23,0
DA:27,0
DA:29,0
DA:34,0
DA:40,0
DA:41,0
DA:42,0
DA:48,0
DA:53,0
DA:54,0
DA:61,0
DA:69,0
DA:72,0
DA:73,0
DA:78,1
DA:79,1
DA:82,1
LF:22
LH:4
BRDA:8,1,0,0
BRDA:8,1,1,0
BRDA:41,2,0,0
BRDA:41,2,1,0
BRDA:53,3,0,0
BRDA:53,3,1,0
BRF:6
BRH:0
end_of_record
TN:
SF:/home/doncho/repos/nodejs/Live-demos/project-structure/app/routers/todos.router/index.js
FNF:0
FNH:0
DA:1,1
LF:1
LH:1
BRF:0
BRH:0
end_of_record
TN:
SF:/home/doncho/repos/nodejs/Live-demos/project-structure/app/routers/todos.router/router.js
FNF:0
FNH:0
DA:1,1
DA:3,1
DA:4,1
DA:5,1
DA:7,1
DA:9,0
DA:10,0
DA:12,0
DA:17,0
DA:20,0
DA:23,0
DA:24,0
DA:26,0
DA:30,0
DA:33,0
DA:34,0
DA:36,0
DA:40,0
DA:43,1
DA:46,1
LF:20
LH:7
BRDA:9,1,0,0
BRDA:9,1,1,0
BRDA:23,2,0,0
BRDA:23,2,1,0
BRDA:33,3,0,0
BRDA:33,3,1,0
BRF:6
BRH:0
end_of_record
TN:
SF:/home/doncho/repos/nodejs/Live-demos/project-structure/app/routers/categories.api.router/index.js
FNF:0
FNH:0
DA:1,1
LF:1
LH:1
BRF:0
BRH:0
end_of_record
TN:
SF:/home/doncho/repos/nodejs/Live-demos/project-structure/app/routers/categories.api.router/router.js
FNF:0
FNH:0
DA:1,1
DA:3,1
DA:4,1
DA:6,1
DA:8,0
DA:10,0
DA:14,1
DA:17,1
LF:8
LH:6
BRF:0
BRH:0
end_of_record
TN:
SF:/home/doncho/repos/nodejs/Live-demos/project-structure/app/routers/items.router/controller.js
FN:3,(anonymous_1)
FNF:1
FNH:1
FNDA:2,(anonymous_1)
DA:1,1
DA:2,2
DA:4,2
DA:6,2
DA:13,2
DA:17,1
LF:6
LH:6
BRF:0
BRH:0
end_of_record
TN:
SF:/home/doncho/repos/nodejs/Live-demos/project-structure/app/routers/items.router/index.js
FNF:0
FNH:0
DA:1,1
LF:1
LH:1
BRF:0
BRH:0
end_of_record
TN:
SF:/home/doncho/repos/nodejs/Live-demos/project-structure/app/routers/items.router/router.js
FNF:0
FNH:0
DA:1,1
DA:2,1
DA:4,1
DA:6,1
DA:9,1
DA:10,0
DA:13,1
DA:14,0
DA:17,0
DA:19,0
DA:23,0
DA:24,0
DA:29,1
LF:13
LH:7
BRF:0
BRH:0
end_of_record
TN:
SF:/home/doncho/repos/nodejs/Live-demos/project-structure/app/app.js
FNF:0
FNH:0
DA:1,1
DA:3,1
DA:4,1
DA:6,1
DA:7,1
DA:9,1
DA:10,1
DA:11,1
DA:12,1
DA:15,1
DA:18,1
DA:21,1
LF:12
LH:12
BRF:0
BRH:0
end_of_record
TN:
SF:/home/doncho/repos/nodejs/Live-demos/project-structure/app/index.js
FNF:0
FNH:0
DA:1,1
LF:1
LH:1
BRF:0
BRH:0
end_of_record
TN:
SF:/home/doncho/repos/nodejs/Live-demos/project-structure/app/auth/auth.js
FNF:0
FNH:0
DA:1,1
DA:2,1
DA:3,1
DA:4,1
DA:6,1
DA:8,1
DA:9,1
DA:10,0
DA:12,0
DA:15,0
DA:18,0
DA:22,1
DA:29,1
DA:30,1
DA:32,1
DA:33,0
DA:36,1
DA:37,0
DA:39,0
DA:43,1
DA:44,1
DA:48,1
DA:52,1
LF:23
LH:16
BRF:0
BRH:0
end_of_record
TN:
SF:/home/doncho/repos/nodejs/Live-demos/project-structure/app/auth/index.js
FNF:0
FNH:0
DA:1,1
LF:1
LH:1
BRF:0
BRH:0
end_of_record
TN:
SF:/home/doncho/repos/nodejs/Live-demos/project-structure/app/config/config.js
FNF:0
FNH:0
DA:3,1
DA:5,1
DA:6,1
DA:7,1
DA:9,1
DA:10,1
DA:11,1
DA:12,1
DA:14,1
DA:15,1
DA:17,1
DA:18,1
DA:20,1
DA:23,1
LF:14
LH:14
BRF:0
BRH:0
end_of_record
TN:
SF:/home/doncho/repos/nodejs/Live-demos/project-structure/app/config/index.js
FNF:0
FNH:0
DA:1,1
LF:1
LH:1
BRF:0
BRH:0
end_of_record
TN:
SF:/home/doncho/repos/nodejs/Live-demos/project-structure/app/routers/index.js
FNF:0
FNH:0
DA:1,1
LF:1
LH:1
BRF:0
BRH:0
end_of_record
TN:
SF:/home/doncho/repos/nodejs/Live-demos/project-structure/app/routers/routers.js
FNF:0
FNH:0
DA:3,1
DA:4,1
DA:6,1
DA:7,1
DA:8,0
DA:11,1
DA:12,6
DA:14,4
DA:15,4
DA:19,1
LF:10
LH:9
BRF:0
BRH:0
end_of_record
TN:
SF:/home/doncho/repos/nodejs/Live-demos/project-structure/config/config.js
FNF:0
FNH:0
DA:1,1
DA:2,1
DA:3,1
DA:5,1
LF:4
LH:4
BRF:0
BRH:0
end_of_record
TN:
SF:/home/doncho/repos/nodejs/Live-demos/project-structure/config/index.js
FNF:0
FNH:0
DA:1,1
LF:1
LH:1
BRF:0
BRH:0
end_of_record
TN:
SF:/home/doncho/repos/nodejs/Live-demos/project-structure/db/db.js
FNF:0
FNH:0
DA:3,1
DA:5,1
DA:6,1
DA:8,1
DA:9,1
DA:13,1
LF:6
LH:6
BRF:0
BRH:0
end_of_record
TN:
SF:/home/doncho/repos/nodejs/Live-demos/project-structure/db/index.js
FNF:0
FNH:0
DA:1,1
LF:1
LH:1
BRF:0
BRH:0
end_of_record
TN:
SF:/home/doncho/repos/nodejs/Live-demos/project-structure/models/item.model.js
FN:2,(anonymous_1)
FN:8,(anonymous_2)
FN:12,(anonymous_3)
FNF:3
FNH:0
FNDA:0,(anonymous_1)
FNDA:0,(anonymous_2)
FNDA:0,(anonymous_3)
DA:3,0
DA:9,0
DA:13,0
DA:15,0
DA:17,0
DA:20,0
DA:24,1
LF:7
LH:1
BRDA:3,1,0,0
BRDA:3,1,1,0
BRDA:3,1,2,0
BRF:3
BRH:0
end_of_record
TN:
SF:/home/doncho/repos/nodejs/Live-demos/project-structure/models/todo.model.js
FN:2,(anonymous_1)
FN:8,(anonymous_2)
FN:12,(anonymous_3)
FN:23,(anonymous_4)
FNF:4
FNH:0
FNDA:0,(anonymous_1)
FNDA:0,(anonymous_2)
FNDA:0,(anonymous_3)
FNDA:0,(anonymous_4)
DA:3,0
DA:9,0
DA:13,0
DA:15,0
DA:17,0
DA:20,0
DA:24,0
DA:30,1
LF:8
LH:1
BRDA:3,1,0,0
BRDA:3,1,1,0
BRDA:3,1,2,0
BRDA:24,2,0,0
BRDA:24,2,1,0
BRDA:24,2,2,0
BRF:6
BRH:0
end_of_record
TN:
SF:/home/doncho/repos/nodejs/Live-demos/project-structure/models/user.model.js
FN:2,(anonymous_1)
FN:6,(anonymous_2)
FN:10,(anonymous_3)
FNF:3
FNH:0
FNDA:0,(anonymous_1)
FNDA:0,(anonymous_2)
FNDA:0,(anonymous_3)
DA:3,0
DA:7,0
DA:11,0
DA:13,0
DA:15,0
DA:18,0
DA:22,1
LF:7
LH:1
BRF:0
BRH:0
end_of_record
TN:
SF:/home/doncho/repos/nodejs/Live-demos/project-structure/server.js
FNF:0
FNH:0
DA:3,0
DA:4,0
DA:7,0
DA:9,0
DA:10,0
DA:11,0
DA:12,0
DA:14,0
DA:15,0
DA:18,0
LF:10
LH:0
BRF:0
BRH:0
end_of_record
